<?xml version="1.0" encoding="UTF-8"?>
<!-- Generated by org.testng.reporters.JUnitReportReporter -->
<testsuite hostname="keystrat-PC" name="com.org.NetLogic.HelloWorldTest" tests="1" failures="0" timestamp="25 Feb 2016 18:30:08 GMT" time="0.013" errors="0">
  <testcase name="Login" time="0.013" classname="com.org.NetLogic.HelloWorldTest"/>
</testsuite> <!-- com.org.NetLogic.HelloWorldTest -->
